[debug] [2025-07-18T12:31:31.547Z] ----------------------------------------------------------------------
[debug] [2025-07-18T12:31:31.548Z] Command:       /opt/homebrew/Cellar/node/24.4.0/bin/node /opt/homebrew/bin/firebase deploy --only functions:sendVerificationEmail --project=catimini-256a1
[debug] [2025-07-18T12:31:31.548Z] CLI Version:   14.11.0
[debug] [2025-07-18T12:31:31.548Z] Platform:      darwin
[debug] [2025-07-18T12:31:31.549Z] Node Version:  v24.4.0
[debug] [2025-07-18T12:31:31.549Z] Time:          Fri Jul 18 2025 14:31:31 GMT+0200 (heure d’été d’Europe centrale)
[debug] [2025-07-18T12:31:31.549Z] ----------------------------------------------------------------------
[debug] 
[debug] [2025-07-18T12:31:31.651Z] > command requires scopes: ["email","openid","https://www.googleapis.com/auth/cloudplatformprojects.readonly","https://www.googleapis.com/auth/firebase","https://www.googleapis.com/auth/cloud-platform"]
[debug] [2025-07-18T12:31:31.651Z] > authorizing via signed-in user (ftzwe85@gmail.com)
[debug] [2025-07-18T12:31:31.651Z] [iam] checking project catimini-256a1 for permissions ["cloudfunctions.functions.create","cloudfunctions.functions.delete","cloudfunctions.functions.get","cloudfunctions.functions.list","cloudfunctions.functions.update","cloudfunctions.operations.get","firebase.projects.get"]
[debug] [2025-07-18T12:31:31.652Z] Checked if tokens are valid: true, expires at: 1752843449685
[debug] [2025-07-18T12:31:31.652Z] Checked if tokens are valid: true, expires at: 1752843449685
[debug] [2025-07-18T12:31:31.652Z] >>> [apiv2][query] POST https://cloudresourcemanager.googleapis.com/v1/projects/catimini-256a1:testIamPermissions [none]
[debug] [2025-07-18T12:31:31.652Z] >>> [apiv2][(partial)header] POST https://cloudresourcemanager.googleapis.com/v1/projects/catimini-256a1:testIamPermissions x-goog-quota-user=projects/catimini-256a1
[debug] [2025-07-18T12:31:31.652Z] >>> [apiv2][body] POST https://cloudresourcemanager.googleapis.com/v1/projects/catimini-256a1:testIamPermissions {"permissions":["cloudfunctions.functions.create","cloudfunctions.functions.delete","cloudfunctions.functions.get","cloudfunctions.functions.list","cloudfunctions.functions.update","cloudfunctions.operations.get","firebase.projects.get"]}
[debug] [2025-07-18T12:31:32.318Z] <<< [apiv2][status] POST https://cloudresourcemanager.googleapis.com/v1/projects/catimini-256a1:testIamPermissions 200
[debug] [2025-07-18T12:31:32.319Z] <<< [apiv2][body] POST https://cloudresourcemanager.googleapis.com/v1/projects/catimini-256a1:testIamPermissions {"permissions":["cloudfunctions.functions.create","cloudfunctions.functions.delete","cloudfunctions.functions.get","cloudfunctions.functions.list","cloudfunctions.functions.update","cloudfunctions.operations.get","firebase.projects.get"]}
[debug] [2025-07-18T12:31:32.319Z] Checked if tokens are valid: true, expires at: 1752843449685
[debug] [2025-07-18T12:31:32.319Z] Checked if tokens are valid: true, expires at: 1752843449685
[debug] [2025-07-18T12:31:32.319Z] >>> [apiv2][query] POST https://iam.googleapis.com/v1/projects/catimini-256a1/serviceAccounts/catimini-256a1@appspot.gserviceaccount.com:testIamPermissions [none]
[debug] [2025-07-18T12:31:32.319Z] >>> [apiv2][body] POST https://iam.googleapis.com/v1/projects/catimini-256a1/serviceAccounts/catimini-256a1@appspot.gserviceaccount.com:testIamPermissions {"permissions":["iam.serviceAccounts.actAs"]}
[debug] [2025-07-18T12:31:32.948Z] <<< [apiv2][status] POST https://iam.googleapis.com/v1/projects/catimini-256a1/serviceAccounts/catimini-256a1@appspot.gserviceaccount.com:testIamPermissions 200
[debug] [2025-07-18T12:31:32.949Z] <<< [apiv2][body] POST https://iam.googleapis.com/v1/projects/catimini-256a1/serviceAccounts/catimini-256a1@appspot.gserviceaccount.com:testIamPermissions {"permissions":["iam.serviceAccounts.actAs"]}
[info] 
[info] === Deploying to 'catimini-256a1'...
[info] 
[info] i  deploying functions 
[info] Running command: npm --prefix "$RESOURCE_DIR" run build
[info] ✔  functions: Finished running predeploy script. 
[debug] [2025-07-18T12:31:35.881Z] Checked if tokens are valid: true, expires at: 1752843449685
[debug] [2025-07-18T12:31:35.881Z] Checked if tokens are valid: true, expires at: 1752843449685
[debug] [2025-07-18T12:31:35.881Z] >>> [apiv2][query] GET https://cloudresourcemanager.googleapis.com/v1/projects/catimini-256a1 [none]
[debug] [2025-07-18T12:31:36.117Z] <<< [apiv2][status] GET https://cloudresourcemanager.googleapis.com/v1/projects/catimini-256a1 200
[debug] [2025-07-18T12:31:36.117Z] <<< [apiv2][body] GET https://cloudresourcemanager.googleapis.com/v1/projects/catimini-256a1 {"projectNumber":"426239063773","projectId":"catimini-256a1","lifecycleState":"ACTIVE","name":"CATIMINI","labels":{"firebase":"enabled","firebase-core":"disabled"},"createTime":"2025-07-05T22:21:08.478013Z"}
[info] i  functions: preparing codebase default for deployment 
[info] i  functions: ensuring required API cloudfunctions.googleapis.com is enabled... 
[info] i  functions: ensuring required API cloudbuild.googleapis.com is enabled... 
[info] i  artifactregistry: ensuring required API artifactregistry.googleapis.com is enabled... 
[debug] [2025-07-18T12:31:36.120Z] Checked if tokens are valid: true, expires at: 1752843449685
[debug] [2025-07-18T12:31:36.120Z] Checked if tokens are valid: true, expires at: 1752843449685
[debug] [2025-07-18T12:31:36.120Z] >>> [apiv2][query] GET https://firebase.googleapis.com/v1beta1/projects/catimini-256a1/adminSdkConfig [none]
[debug] [2025-07-18T12:31:36.366Z] <<< [apiv2][status] GET https://firebase.googleapis.com/v1beta1/projects/catimini-256a1/adminSdkConfig 200
[debug] [2025-07-18T12:31:36.367Z] <<< [apiv2][body] GET https://firebase.googleapis.com/v1beta1/projects/catimini-256a1/adminSdkConfig {"projectId":"catimini-256a1","storageBucket":"catimini-256a1.firebasestorage.app"}
[debug] [2025-07-18T12:31:36.368Z] Checked if tokens are valid: true, expires at: 1752843449685
[debug] [2025-07-18T12:31:36.368Z] Checked if tokens are valid: true, expires at: 1752843449685
[debug] [2025-07-18T12:31:36.368Z] >>> [apiv2][query] GET https://runtimeconfig.googleapis.com/v1beta1/projects/catimini-256a1/configs [none]
[debug] [2025-07-18T12:31:36.995Z] <<< [apiv2][status] GET https://runtimeconfig.googleapis.com/v1beta1/projects/catimini-256a1/configs 200
[debug] [2025-07-18T12:31:36.995Z] <<< [apiv2][body] GET https://runtimeconfig.googleapis.com/v1beta1/projects/catimini-256a1/configs {}
[debug] [2025-07-18T12:31:36.999Z] Validating nodejs source
[warn] ⚠  functions: Runtime Node.js 18 was deprecated on 2025-04-30 and will be decommissioned on 2025-10-30, after which you will not be able to deploy without upgrading. Consider upgrading now to avoid disruption. See https://cloud.google.com/functions/docs/runtime-support for full details on the lifecycle policy 
[warn] ⚠  functions: package.json indicates an outdated version of firebase-functions. Please upgrade using npm install --save firebase-functions@latest in your functions directory. 
[warn] ⚠  functions: Please note that there will be breaking changes when you upgrade. 
[debug] [2025-07-18T12:31:37.374Z] > [functions] package.json contents: {
  "name": "functions",
  "scripts": {
    "build": "tsc",
    "serve": "npm run build && firebase emulators:start --only functions",
    "shell": "npm run build && firebase functions:shell",
    "start": "npm run shell",
    "deploy": "firebase deploy --only functions",
    "logs": "firebase functions:log"
  },
  "engines": {
    "node": "18"
  },
  "main": "lib/index.js",
  "dependencies": {
    "firebase-admin": "^12.0.0",
    "firebase-functions": "^4.3.1",
    "resend": "^3.2.0"
  },
  "devDependencies": {
    "typescript": "^4.9.0",
    "@types/node": "^18.15.0"
  },
  "private": true
}
[debug] [2025-07-18T12:31:37.374Z] Building nodejs source
[info] i  functions: Loading and analyzing source code for codebase default to determine what to deploy 
[info] i  functions: You are using a version of firebase-functions SDK (4.9.0) that does not have support for the newest Firebase Extensions features. Please update firebase-functions SDK to >=5.1.0 to use them correctly 
[debug] [2025-07-18T12:31:37.375Z] Could not find functions.yaml. Must use http discovery
[debug] [2025-07-18T12:31:37.381Z] Found firebase-functions binary at '/Users/tometpaul/Documents/CATIMINI/CatiminiApp/functions/node_modules/.bin/firebase-functions'
[info] Serving at port 8154

[debug] [2025-07-18T12:31:37.636Z] Got response from /__/functions.yaml {"endpoints":{"sendVerificationEmail":{"availableMemoryMb":null,"timeoutSeconds":null,"minInstances":null,"maxInstances":null,"ingressSettings":null,"concurrency":null,"serviceAccountEmail":null,"vpc":null,"platform":"gcfv2","secretEnvironmentVariables":[{"key":"RESEND_API_KEY"}],"labels":{},"callableTrigger":{},"entryPoint":"sendVerificationEmail"},"testNotification":{"availableMemoryMb":null,"timeoutSeconds":null,"minInstances":null,"maxInstances":null,"ingressSettings":null,"concurrency":null,"serviceAccountEmail":null,"vpc":null,"platform":"gcfv2","labels":{},"callableTrigger":{},"entryPoint":"testNotification"},"onNotificationCreated":{"availableMemoryMb":null,"timeoutSeconds":null,"minInstances":null,"maxInstances":null,"ingressSettings":null,"concurrency":null,"serviceAccountEmail":null,"vpc":null,"platform":"gcfv2","labels":{},"eventTrigger":{"eventType":"google.cloud.firestore.document.v1.created","eventFilters":{"database":"(default)","namespace":"(default)"},"eventFilterPathPatterns":{"document":"notifications/{notificationId}"},"retry":false},"entryPoint":"onNotificationCreated"}},"specVersion":"v1alpha1","requiredAPIs":[]}
[info] i  functions: preparing functions directory for uploading... 
[info] i  functions: packaged /Users/tometpaul/Documents/CATIMINI/CatiminiApp/functions (51.89 KB) for uploading 
[debug] [2025-07-18T12:31:41.675Z] Checked if tokens are valid: true, expires at: 1752843449685
[debug] [2025-07-18T12:31:41.675Z] Checked if tokens are valid: true, expires at: 1752843449685
[debug] [2025-07-18T12:31:41.675Z] >>> [apiv2][query] GET https://cloudfunctions.googleapis.com/v1/projects/catimini-256a1/locations/-/functions [none]
[debug] [2025-07-18T12:31:42.786Z] <<< [apiv2][status] GET https://cloudfunctions.googleapis.com/v1/projects/catimini-256a1/locations/-/functions 200
[debug] [2025-07-18T12:31:42.787Z] <<< [apiv2][body] GET https://cloudfunctions.googleapis.com/v1/projects/catimini-256a1/locations/-/functions {}
[debug] [2025-07-18T12:31:42.787Z] Checked if tokens are valid: true, expires at: 1752843449685
[debug] [2025-07-18T12:31:42.787Z] Checked if tokens are valid: true, expires at: 1752843449685
[debug] [2025-07-18T12:31:42.788Z] >>> [apiv2][query] GET https://cloudfunctions.googleapis.com/v2/projects/catimini-256a1/locations/-/functions filter=environment%3D%22GEN_2%22
[debug] [2025-07-18T12:31:44.338Z] <<< [apiv2][status] GET https://cloudfunctions.googleapis.com/v2/projects/catimini-256a1/locations/-/functions 200
[debug] [2025-07-18T12:31:44.339Z] <<< [apiv2][body] GET https://cloudfunctions.googleapis.com/v2/projects/catimini-256a1/locations/-/functions {"functions":[{"name":"projects/catimini-256a1/locations/us-central1/functions/sendVerificationEmail","buildConfig":{"build":"projects/426239063773/locations/us-central1/builds/2fcd8978-3a3d-4783-8f38-6dfc3f422b53","runtime":"nodejs18","entryPoint":"sendVerificationEmail","source":{"storageSource":{"bucket":"gcf-v2-sources-426239063773-us-central1","object":"sendVerificationEmail/function-source.zip","generation":"1752841726152374"}},"environmentVariables":{"GOOGLE_NODE_RUN_SCRIPTS":""},"dockerRepository":"projects/catimini-256a1/locations/us-central1/repositories/gcf-artifacts","sourceProvenance":{"resolvedStorageSource":{"bucket":"gcf-v2-sources-426239063773-us-central1","object":"sendVerificationEmail/function-source.zip","generation":"1752841726152374"}},"dockerRegistry":"ARTIFACT_REGISTRY","serviceAccount":"projects/catimini-256a1/serviceAccounts/426239063773-compute@developer.gserviceaccount.com","automaticUpdatePolicy":{}},"serviceConfig":{"service":"projects/catimini-256a1/locations/us-central1/services/sendverificationemail","timeoutSeconds":60,"environmentVariables":{"FIREBASE_CONFIG":"{\"projectId\":\"catimini-256a1\",\"storageBucket\":\"catimini-256a1.firebasestorage.app\"}","GCLOUD_PROJECT":"catimini-256a1","EVENTARC_CLOUD_EVENT_SOURCE":"projects/catimini-256a1/locations/us-central1/services/sendVerificationEmail","FUNCTION_TARGET":"sendVerificationEmail","LOG_EXECUTION_ID":"true","FUNCTION_SIGNATURE_TYPE":"http"},"maxInstanceCount":20,"ingressSettings":"ALLOW_ALL","uri":"https://sendverificationemail-wsz5rlhmla-uc.a.run.app","serviceAccountEmail":"426239063773-compute@developer.gserviceaccount.com","availableMemory":"256Mi","allTrafficOnLatestRevision":true,"secretEnvironmentVariables":[{"key":"RESEND_API_KEY","projectId":"catimini-256a1","secret":"RESEND_API_KEY","version":"2"}],"revision":"sendverificationemail-00005-lux","maxInstanceRequestConcurrency":80,"availableCpu":"1"},"state":"ACTIVE","updateTime":"2025-07-18T12:29:36.687939622Z","labels":{"deployment-tool":"cli-firebase","deployment-callable":"true","firebase-functions-hash":"8f6a84d75bb3a599b0bf0e3e274060733f3cfefa"},"environment":"GEN_2","url":"https://us-central1-catimini-256a1.cloudfunctions.net/sendVerificationEmail","createTime":"2025-07-18T11:23:36.301741652Z","satisfiesPzi":true},{"name":"projects/catimini-256a1/locations/us-central1/functions/testNotification","buildConfig":{"build":"projects/426239063773/locations/us-central1/builds/2fcd8978-3a3d-4783-8f38-6dfc3f422b53","runtime":"nodejs18","entryPoint":"testNotification","source":{"storageSource":{"bucket":"gcf-v2-sources-426239063773-us-central1","object":"testNotification/function-source.zip","generation":"1752841768838020"}},"environmentVariables":{"GOOGLE_NODE_RUN_SCRIPTS":""},"dockerRepository":"projects/catimini-256a1/locations/us-central1/repositories/gcf-artifacts","sourceProvenance":{"resolvedStorageSource":{"bucket":"gcf-v2-sources-426239063773-us-central1","object":"testNotification/function-source.zip","generation":"1752841768838020"}},"dockerRegistry":"ARTIFACT_REGISTRY","serviceAccount":"projects/catimini-256a1/serviceAccounts/426239063773-compute@developer.gserviceaccount.com","automaticUpdatePolicy":{}},"serviceConfig":{"service":"projects/catimini-256a1/locations/us-central1/services/testnotification","timeoutSeconds":60,"environmentVariables":{"FIREBASE_CONFIG":"{\"projectId\":\"catimini-256a1\",\"storageBucket\":\"catimini-256a1.firebasestorage.app\"}","GCLOUD_PROJECT":"catimini-256a1","EVENTARC_CLOUD_EVENT_SOURCE":"projects/catimini-256a1/locations/us-central1/services/testNotification","FUNCTION_TARGET":"testNotification","LOG_EXECUTION_ID":"true","FUNCTION_SIGNATURE_TYPE":"http"},"maxInstanceCount":20,"ingressSettings":"ALLOW_ALL","uri":"https://testnotification-wsz5rlhmla-uc.a.run.app","serviceAccountEmail":"426239063773-compute@developer.gserviceaccount.com","availableMemory":"256Mi","allTrafficOnLatestRevision":true,"revision":"testnotification-00003-taj","maxInstanceRequestConcurrency":80,"availableCpu":"1"},"state":"ACTIVE","updateTime":"2025-07-18T12:29:37.567322510Z","labels":{"deployment-tool":"cli-firebase","deployment-callable":"true","firebase-functions-hash":"5dfa56ac9aeb753742670a5a84e69f68b9de1793"},"environment":"GEN_2","url":"https://us-central1-catimini-256a1.cloudfunctions.net/testNotification","createTime":"2025-07-18T11:31:02.581312566Z","satisfiesPzi":true},{"name":"projects/catimini-256a1/locations/us-central1/functions/onNotificationCreated","buildConfig":{"build":"projects/426239063773/locations/us-central1/builds/2fcd8978-3a3d-4783-8f38-6dfc3f422b53","runtime":"nodejs18","entryPoint":"onNotificationCreated","source":{"storageSource":{"bucket":"gcf-v2-sources-426239063773-us-central1","object":"onNotificationCreated/function-source.zip","generation":"1752841769566107"}},"environmentVariables":{"GOOGLE_NODE_RUN_SCRIPTS":""},"dockerRepository":"projects/catimini-256a1/locations/us-central1/repositories/gcf-artifacts","sourceProvenance":{"resolvedStorageSource":{"bucket":"gcf-v2-sources-426239063773-us-central1","object":"onNotificationCreated/function-source.zip","generation":"1752841769566107"}},"dockerRegistry":"ARTIFACT_REGISTRY","serviceAccount":"projects/catimini-256a1/serviceAccounts/426239063773-compute@developer.gserviceaccount.com","automaticUpdatePolicy":{}},"serviceConfig":{"service":"projects/catimini-256a1/locations/us-central1/services/onnotificationcreated","timeoutSeconds":60,"environmentVariables":{"FIREBASE_CONFIG":"{\"projectId\":\"catimini-256a1\",\"storageBucket\":\"catimini-256a1.firebasestorage.app\"}","GCLOUD_PROJECT":"catimini-256a1","EVENTARC_CLOUD_EVENT_SOURCE":"projects/catimini-256a1/locations/us-central1/services/onNotificationCreated","FUNCTION_SIGNATURE_TYPE":"cloudevent","FUNCTION_TARGET":"onNotificationCreated","LOG_EXECUTION_ID":"true"},"maxInstanceCount":20,"ingressSettings":"ALLOW_ALL","uri":"https://onnotificationcreated-wsz5rlhmla-uc.a.run.app","serviceAccountEmail":"426239063773-compute@developer.gserviceaccount.com","availableMemory":"256Mi","allTrafficOnLatestRevision":true,"revision":"onnotificationcreated-00003-pas","maxInstanceRequestConcurrency":80,"availableCpu":"1"},"eventTrigger":{"trigger":"projects/catimini-256a1/locations/europe-west1/triggers/onnotificationcreated-912565","triggerRegion":"europe-west1","eventType":"google.cloud.firestore.document.v1.created","eventFilters":[{"attribute":"database","value":"(default)"},{"attribute":"namespace","value":"(default)"},{"attribute":"document","value":"notifications/{notificationId}","operator":"match-path-pattern"}],"pubsubTopic":"projects/catimini-256a1/topics/eventarc-europe-west1-onnotificationcreated-912565-264","serviceAccountEmail":"426239063773-compute@developer.gserviceaccount.com","retryPolicy":"RETRY_POLICY_DO_NOT_RETRY"},"state":"ACTIVE","updateTime":"2025-07-18T12:29:38.171501951Z","labels":{"deployment-tool":"cli-firebase","firebase-functions-hash":"5dfa56ac9aeb753742670a5a84e69f68b9de1793"},"environment":"GEN_2","url":"https://us-central1-catimini-256a1.cloudfunctions.net/onNotificationCreated","createTime":"2025-07-18T11:32:17.236596740Z","satisfiesPzi":true}]}
[debug] [2025-07-18T12:31:44.341Z] Checked if tokens are valid: true, expires at: 1752843449685
[debug] [2025-07-18T12:31:44.341Z] Checked if tokens are valid: true, expires at: 1752843449685
[debug] [2025-07-18T12:31:44.341Z] >>> [apiv2][query] GET https://firestore.googleapis.com/v1/projects/catimini-256a1/databases/(default) [none]
[debug] [2025-07-18T12:31:44.571Z] <<< [apiv2][status] GET https://firestore.googleapis.com/v1/projects/catimini-256a1/databases/(default) 200
[debug] [2025-07-18T12:31:44.571Z] <<< [apiv2][body] GET https://firestore.googleapis.com/v1/projects/catimini-256a1/databases/(default) {"name":"projects/catimini-256a1/databases/(default)","uid":"648022ac-ee7f-433b-961a-4d824b9fe122","createTime":"2025-07-05T22:24:06.371639Z","updateTime":"2025-07-05T22:24:06.371639Z","locationId":"europe-west1","type":"FIRESTORE_NATIVE","concurrencyMode":"PESSIMISTIC","versionRetentionPeriod":"3600s","earliestVersionTime":"2025-07-18T11:31:44.630771Z","appEngineIntegrationMode":"DISABLED","pointInTimeRecoveryEnablement":"POINT_IN_TIME_RECOVERY_DISABLED","deleteProtectionState":"DELETE_PROTECTION_DISABLED","databaseEdition":"STANDARD","freeTier":true,"etag":"IOTQyvi0xo4DMIeQrcvopo4D"}
[info] i  functions: ensuring required API run.googleapis.com is enabled... 
[info] i  functions: ensuring required API eventarc.googleapis.com is enabled... 
[info] i  functions: ensuring required API pubsub.googleapis.com is enabled... 
[info] i  functions: ensuring required API storage.googleapis.com is enabled... 
[info] i  functions: generating the service identity for pubsub.googleapis.com... 
[debug] [2025-07-18T12:31:44.572Z] Checked if tokens are valid: true, expires at: 1752843449685
[debug] [2025-07-18T12:31:44.572Z] Checked if tokens are valid: true, expires at: 1752843449685
[info] i  functions: generating the service identity for eventarc.googleapis.com... 
[debug] [2025-07-18T12:31:44.572Z] Checked if tokens are valid: true, expires at: 1752843449685
[debug] [2025-07-18T12:31:44.572Z] Checked if tokens are valid: true, expires at: 1752843449685
[debug] [2025-07-18T12:31:44.572Z] >>> [apiv2][query] POST https://serviceusage.googleapis.com/v1beta1/projects/426239063773/services/pubsub.googleapis.com:generateServiceIdentity [none]
[debug] [2025-07-18T12:31:44.572Z] >>> [apiv2][(partial)header] POST https://serviceusage.googleapis.com/v1beta1/projects/426239063773/services/pubsub.googleapis.com:generateServiceIdentity x-goog-quota-user=projects/426239063773
[debug] [2025-07-18T12:31:44.572Z] >>> [apiv2][body] POST https://serviceusage.googleapis.com/v1beta1/projects/426239063773/services/pubsub.googleapis.com:generateServiceIdentity {}
[debug] [2025-07-18T12:31:44.573Z] >>> [apiv2][query] POST https://serviceusage.googleapis.com/v1beta1/projects/426239063773/services/eventarc.googleapis.com:generateServiceIdentity [none]
[debug] [2025-07-18T12:31:44.573Z] >>> [apiv2][(partial)header] POST https://serviceusage.googleapis.com/v1beta1/projects/426239063773/services/eventarc.googleapis.com:generateServiceIdentity x-goog-quota-user=projects/426239063773
[debug] [2025-07-18T12:31:44.573Z] >>> [apiv2][body] POST https://serviceusage.googleapis.com/v1beta1/projects/426239063773/services/eventarc.googleapis.com:generateServiceIdentity {}
[debug] [2025-07-18T12:31:45.418Z] <<< [apiv2][status] POST https://serviceusage.googleapis.com/v1beta1/projects/426239063773/services/eventarc.googleapis.com:generateServiceIdentity 200
[debug] [2025-07-18T12:31:45.418Z] <<< [apiv2][body] POST https://serviceusage.googleapis.com/v1beta1/projects/426239063773/services/eventarc.googleapis.com:generateServiceIdentity {"name":"operations/finished.DONE_OPERATION","done":true,"response":{"@type":"type.googleapis.com/google.api.serviceusage.v1beta1.ServiceIdentity","email":"service-426239063773@gcp-sa-eventarc.iam.gserviceaccount.com","uniqueId":"100336301323467921331"}}
[debug] [2025-07-18T12:31:45.473Z] <<< [apiv2][status] POST https://serviceusage.googleapis.com/v1beta1/projects/426239063773/services/pubsub.googleapis.com:generateServiceIdentity 200
[debug] [2025-07-18T12:31:45.474Z] <<< [apiv2][body] POST https://serviceusage.googleapis.com/v1beta1/projects/426239063773/services/pubsub.googleapis.com:generateServiceIdentity {"name":"operations/finished.DONE_OPERATION","done":true,"response":{"@type":"type.googleapis.com/google.api.serviceusage.v1beta1.ServiceIdentity","email":"service-426239063773@gcp-sa-pubsub.iam.gserviceaccount.com","uniqueId":"106763976532621309632"}}
[info] i  functions: ensuring required API secretmanager.googleapis.com is enabled... 
[debug] [2025-07-18T12:31:45.477Z] Checked if tokens are valid: true, expires at: 1752843449685
[debug] [2025-07-18T12:31:45.477Z] Checked if tokens are valid: true, expires at: 1752843449685
[debug] [2025-07-18T12:31:45.477Z] >>> [apiv2][query] GET https://secretmanager.googleapis.com/v1/projects/catimini-256a1/secrets/RESEND_API_KEY/versions/latest [none]
[debug] [2025-07-18T12:31:45.681Z] <<< [apiv2][status] GET https://secretmanager.googleapis.com/v1/projects/catimini-256a1/secrets/RESEND_API_KEY/versions/latest 200
[debug] [2025-07-18T12:31:45.681Z] <<< [apiv2][body] GET https://secretmanager.googleapis.com/v1/projects/catimini-256a1/secrets/RESEND_API_KEY/versions/latest {"name":"projects/426239063773/secrets/RESEND_API_KEY/versions/2","createTime":"2025-07-18T12:12:39.037178Z","state":"ENABLED","replicationStatus":{"automatic":{}},"etag":"\"163a330aca4cfa\""}
[debug] [2025-07-18T12:31:45.682Z] Resolved secret version of RESEND_API_KEY to 2.
[debug] [2025-07-18T12:31:45.683Z] Checked if tokens are valid: true, expires at: 1752843449685
[debug] [2025-07-18T12:31:45.683Z] Checked if tokens are valid: true, expires at: 1752843449685
[debug] [2025-07-18T12:31:45.683Z] >>> [apiv2][query] GET https://cloudresourcemanager.googleapis.com/v1/projects/catimini-256a1 [none]
[debug] [2025-07-18T12:31:46.358Z] <<< [apiv2][status] GET https://cloudresourcemanager.googleapis.com/v1/projects/catimini-256a1 200
[debug] [2025-07-18T12:31:46.358Z] <<< [apiv2][body] GET https://cloudresourcemanager.googleapis.com/v1/projects/catimini-256a1 {"projectNumber":"426239063773","projectId":"catimini-256a1","lifecycleState":"ACTIVE","name":"CATIMINI","labels":{"firebase":"enabled","firebase-core":"disabled"},"createTime":"2025-07-05T22:21:08.478013Z"}
[debug] [2025-07-18T12:31:46.359Z] Checked if tokens are valid: true, expires at: 1752843449685
[debug] [2025-07-18T12:31:46.359Z] Checked if tokens are valid: true, expires at: 1752843449685
[debug] [2025-07-18T12:31:46.359Z] >>> [apiv2][query] GET https://compute.googleapis.com/compute/v1/projects/426239063773 [none]
[debug] [2025-07-18T12:31:46.532Z] <<< [apiv2][status] GET https://compute.googleapis.com/compute/v1/projects/426239063773 403
[debug] [2025-07-18T12:31:46.533Z] <<< [apiv2][body] GET https://compute.googleapis.com/compute/v1/projects/426239063773 {"error":{"code":403,"message":"Compute Engine API has not been used in project 426239063773 before or it is disabled. Enable it by visiting https://console.developers.google.com/apis/api/compute.googleapis.com/overview?project=426239063773 then retry. If you enabled this API recently, wait a few minutes for the action to propagate to our systems and retry.","errors":[{"message":"Compute Engine API has not been used in project 426239063773 before or it is disabled. Enable it by visiting https://console.developers.google.com/apis/api/compute.googleapis.com/overview?project=426239063773 then retry. If you enabled this API recently, wait a few minutes for the action to propagate to our systems and retry.","domain":"usageLimits","reason":"accessNotConfigured","extendedHelp":"https://console.developers.google.com"}],"status":"PERMISSION_DENIED","details":[{"@type":"type.googleapis.com/google.rpc.ErrorInfo","reason":"SERVICE_DISABLED","domain":"googleapis.com","metadata":{"consumer":"projects/426239063773","serviceTitle":"Compute Engine API","activationUrl":"https://console.developers.google.com/apis/api/compute.googleapis.com/overview?project=426239063773","containerInfo":"426239063773","service":"compute.googleapis.com"}},{"@type":"type.googleapis.com/google.rpc.LocalizedMessage","locale":"en-US","message":"Compute Engine API has not been used in project 426239063773 before or it is disabled. Enable it by visiting https://console.developers.google.com/apis/api/compute.googleapis.com/overview?project=426239063773 then retry. If you enabled this API recently, wait a few minutes for the action to propagate to our systems and retry."},{"@type":"type.googleapis.com/google.rpc.Help","links":[{"description":"Google developers console API activation","url":"https://console.developers.google.com/apis/api/compute.googleapis.com/overview?project=426239063773"}]}]}}
[debug] [2025-07-18T12:31:46.534Z] unable to look up default compute service account. Falling back to 426239063773-compute@developer.gserviceaccount.com. Error: {"name":"FirebaseError","children":[],"context":{"body":{"error":{"code":403,"message":"Compute Engine API has not been used in project 426239063773 before or it is disabled. Enable it by visiting https://console.developers.google.com/apis/api/compute.googleapis.com/overview?project=426239063773 then retry. If you enabled this API recently, wait a few minutes for the action to propagate to our systems and retry.","errors":[{"message":"Compute Engine API has not been used in project 426239063773 before or it is disabled. Enable it by visiting https://console.developers.google.com/apis/api/compute.googleapis.com/overview?project=426239063773 then retry. If you enabled this API recently, wait a few minutes for the action to propagate to our systems and retry.","domain":"usageLimits","reason":"accessNotConfigured","extendedHelp":"https://console.developers.google.com"}],"status":"PERMISSION_DENIED","details":[{"@type":"type.googleapis.com/google.rpc.ErrorInfo","reason":"SERVICE_DISABLED","domain":"googleapis.com","metadata":{"consumer":"projects/426239063773","serviceTitle":"Compute Engine API","activationUrl":"https://console.developers.google.com/apis/api/compute.googleapis.com/overview?project=426239063773","containerInfo":"426239063773","service":"compute.googleapis.com"}},{"@type":"type.googleapis.com/google.rpc.LocalizedMessage","locale":"en-US","message":"Compute Engine API has not been used in project 426239063773 before or it is disabled. Enable it by visiting https://console.developers.google.com/apis/api/compute.googleapis.com/overview?project=426239063773 then retry. If you enabled this API recently, wait a few minutes for the action to propagate to our systems and retry."},{"@type":"type.googleapis.com/google.rpc.Help","links":[{"description":"Google developers console API activation","url":"https://console.developers.google.com/apis/api/compute.googleapis.com/overview?project=426239063773"}]}]}},"response":{"statusCode":403}},"exit":1,"message":"Request to https://compute.googleapis.com/compute/v1/projects/426239063773 had HTTP Error: 403, Compute Engine API has not been used in project 426239063773 before or it is disabled. Enable it by visiting https://console.developers.google.com/apis/api/compute.googleapis.com/overview?project=426239063773 then retry. If you enabled this API recently, wait a few minutes for the action to propagate to our systems and retry.","status":403}
[debug] [2025-07-18T12:31:46.536Z] Checked if tokens are valid: true, expires at: 1752843449685
[debug] [2025-07-18T12:31:46.537Z] Checked if tokens are valid: true, expires at: 1752843449685
[debug] [2025-07-18T12:31:46.537Z] >>> [apiv2][query] POST https://cloudfunctions.googleapis.com/v2/projects/catimini-256a1/locations/us-central1/functions:generateUploadUrl [none]
[debug] [2025-07-18T12:31:47.371Z] <<< [apiv2][status] POST https://cloudfunctions.googleapis.com/v2/projects/catimini-256a1/locations/us-central1/functions:generateUploadUrl 200
[debug] [2025-07-18T12:31:47.371Z] <<< [apiv2][body] POST https://cloudfunctions.googleapis.com/v2/projects/catimini-256a1/locations/us-central1/functions:generateUploadUrl {"uploadUrl":"https://storage.googleapis.com/gcf-v2-uploads-426239063773.us-central1.cloudfunctions.appspot.com/a0387d15-2469-4640-a084-b066495a6d6c.zip?GoogleAccessId=service-426239063773@gcf-admin-robot.iam.gserviceaccount.com&Expires=1752843707&Signature=FI8ow2rJvfe%2BlWv3lBQrN5IswQ6TZv6jp0ZKTzaLKUmmhTBQtbDIVFFjyTvlkc2HX6GyGscZ23junVTPfGMcF9JmLuWt16j7mBWiNRYUlFYbVaZailyUcHeZt%2Bhzu3WzB%2F6jTSLhi3NfHmxlxdWcuuVG%2FamcJSbRFhG9OBJ%2BVbctX7bgOZRKvdb%2BMq7%2Fq4VsSil%2FixGmBrVfRmDArgKt2QCK66w5RclctZJpgeuVm5IwwIuJO3YnW%2BatgLE6Y4%2B72UZds%2FzR1jTTi4%2Bo%2Fcjz4B7nYlQNIKYp3Q%2FKEd3sz9PYxixqnv%2F5VkhXPAuNRocZDZxzqvkgqrcYVQ5NmGFOdg%3D%3D","storageSource":{"bucket":"gcf-v2-uploads-426239063773.us-central1.cloudfunctions.appspot.com","object":"a0387d15-2469-4640-a084-b066495a6d6c.zip"}}
[debug] [2025-07-18T12:31:47.373Z] >>> [apiv2][query] PUT https://storage.googleapis.com/gcf-v2-uploads-426239063773.us-central1.cloudfunctions.appspot.com/a0387d15-2469-4640-a084-b066495a6d6c.zip GoogleAccessId=service-426239063773%40gcf-admin-robot.iam.gserviceaccount.com&Expires=1752843707&Signature=FI8ow2rJvfe%2BlWv3lBQrN5IswQ6TZv6jp0ZKTzaLKUmmhTBQtbDIVFFjyTvlkc2HX6GyGscZ23junVTPfGMcF9JmLuWt16j7mBWiNRYUlFYbVaZailyUcHeZt%2Bhzu3WzB%2F6jTSLhi3NfHmxlxdWcuuVG%2FamcJSbRFhG9OBJ%2BVbctX7bgOZRKvdb%2BMq7%2Fq4VsSil%2FixGmBrVfRmDArgKt2QCK66w5RclctZJpgeuVm5IwwIuJO3YnW%2BatgLE6Y4%2B72UZds%2FzR1jTTi4%2Bo%2Fcjz4B7nYlQNIKYp3Q%2FKEd3sz9PYxixqnv%2F5VkhXPAuNRocZDZxzqvkgqrcYVQ5NmGFOdg%3D%3D
[debug] [2025-07-18T12:31:47.373Z] >>> [apiv2][body] PUT https://storage.googleapis.com/gcf-v2-uploads-426239063773.us-central1.cloudfunctions.appspot.com/a0387d15-2469-4640-a084-b066495a6d6c.zip [stream]
[debug] [2025-07-18T12:31:47.837Z] <<< [apiv2][status] PUT https://storage.googleapis.com/gcf-v2-uploads-426239063773.us-central1.cloudfunctions.appspot.com/a0387d15-2469-4640-a084-b066495a6d6c.zip 200
[debug] [2025-07-18T12:31:47.837Z] <<< [apiv2][body] PUT https://storage.googleapis.com/gcf-v2-uploads-426239063773.us-central1.cloudfunctions.appspot.com/a0387d15-2469-4640-a084-b066495a6d6c.zip [omitted]
[info] ✔  functions: functions folder uploaded successfully 
[info] i  functions: updating Node.js 18 (2nd Gen) function sendVerificationEmail(us-central1)... 
[debug] [2025-07-18T12:31:47.840Z] Checked if tokens are valid: true, expires at: 1752843449685
[debug] [2025-07-18T12:31:47.840Z] Checked if tokens are valid: true, expires at: 1752843449685
[debug] [2025-07-18T12:31:47.840Z] >>> [apiv2][query] PATCH https://cloudfunctions.googleapis.com/v2/projects/catimini-256a1/locations/us-central1/functions/sendVerificationEmail updateMask=name%2CbuildConfig.runtime%2CbuildConfig.entryPoint%2CbuildConfig.source.storageSource.bucket%2CbuildConfig.source.storageSource.object%2CbuildConfig.environmentVariables%2CbuildConfig.sourceToken%2CserviceConfig.environmentVariables%2CserviceConfig.secretEnvironmentVariables%2CserviceConfig.ingressSettings%2CserviceConfig.timeoutSeconds%2CserviceConfig.serviceAccountEmail%2CserviceConfig.availableMemory%2CserviceConfig.minInstanceCount%2CserviceConfig.maxInstanceCount%2CserviceConfig.maxInstanceRequestConcurrency%2CserviceConfig.availableCpu%2CserviceConfig.vpcConnector%2CserviceConfig.vpcConnectorEgressSettings%2Clabels
[debug] [2025-07-18T12:31:47.840Z] >>> [apiv2][body] PATCH https://cloudfunctions.googleapis.com/v2/projects/catimini-256a1/locations/us-central1/functions/sendVerificationEmail {"name":"projects/catimini-256a1/locations/us-central1/functions/sendVerificationEmail","buildConfig":{"runtime":"nodejs18","entryPoint":"sendVerificationEmail","source":{"storageSource":{"bucket":"gcf-v2-uploads-426239063773.us-central1.cloudfunctions.appspot.com","object":"a0387d15-2469-4640-a084-b066495a6d6c.zip"}},"environmentVariables":{"GOOGLE_NODE_RUN_SCRIPTS":""}},"serviceConfig":{"environmentVariables":{"FIREBASE_CONFIG":"{\"projectId\":\"catimini-256a1\",\"storageBucket\":\"catimini-256a1.firebasestorage.app\"}","GCLOUD_PROJECT":"catimini-256a1","EVENTARC_CLOUD_EVENT_SOURCE":"projects/catimini-256a1/locations/us-central1/services/sendVerificationEmail","FUNCTION_TARGET":"sendVerificationEmail","LOG_EXECUTION_ID":"true","FUNCTION_SIGNATURE_TYPE":"http"},"secretEnvironmentVariables":[{"key":"RESEND_API_KEY","secret":"RESEND_API_KEY","projectId":"catimini-256a1","version":"2"}],"ingressSettings":null,"timeoutSeconds":null,"serviceAccountEmail":null,"availableMemory":"256Mi","minInstanceCount":null,"maxInstanceCount":null,"maxInstanceRequestConcurrency":80,"availableCpu":"1","vpcConnector":null,"vpcConnectorEgressSettings":null},"labels":{"deployment-tool":"cli-firebase","deployment-callable":"true","firebase-functions-hash":"aa70b220bc7bb18366e25da14286b43c9153cc14"}}
[debug] [2025-07-18T12:31:49.398Z] <<< [apiv2][status] PATCH https://cloudfunctions.googleapis.com/v2/projects/catimini-256a1/locations/us-central1/functions/sendVerificationEmail 200
[debug] [2025-07-18T12:31:49.398Z] <<< [apiv2][body] PATCH https://cloudfunctions.googleapis.com/v2/projects/catimini-256a1/locations/us-central1/functions/sendVerificationEmail {"name":"projects/catimini-256a1/locations/us-central1/operations/operation-1752841908550-63a334f4e7a28-d981f65d-dd943ef0","metadata":{"@type":"type.googleapis.com/google.cloud.functions.v2.OperationMetadata","createTime":"2025-07-18T12:31:49.379545800Z","target":"projects/catimini-256a1/locations/us-central1/functions/sendVerificationEmail","verb":"update","cancelRequested":false,"apiVersion":"v2"},"done":false}
[debug] [2025-07-18T12:31:49.399Z] Checked if tokens are valid: true, expires at: 1752843449685
[debug] [2025-07-18T12:31:49.399Z] Checked if tokens are valid: true, expires at: 1752843449685
[debug] [2025-07-18T12:31:49.400Z] >>> [apiv2][query] GET https://cloudfunctions.googleapis.com/v2/projects/catimini-256a1/locations/us-central1/operations/operation-1752841908550-63a334f4e7a28-d981f65d-dd943ef0 [none]
[debug] [2025-07-18T12:31:50.095Z] <<< [apiv2][status] GET https://cloudfunctions.googleapis.com/v2/projects/catimini-256a1/locations/us-central1/operations/operation-1752841908550-63a334f4e7a28-d981f65d-dd943ef0 200
[debug] [2025-07-18T12:31:50.096Z] <<< [apiv2][body] GET https://cloudfunctions.googleapis.com/v2/projects/catimini-256a1/locations/us-central1/operations/operation-1752841908550-63a334f4e7a28-d981f65d-dd943ef0 {"name":"projects/catimini-256a1/locations/us-central1/operations/operation-1752841908550-63a334f4e7a28-d981f65d-dd943ef0","metadata":{"@type":"type.googleapis.com/google.cloud.functions.v2.OperationMetadata","createTime":"2025-07-18T12:31:49.379545800Z","target":"projects/catimini-256a1/locations/us-central1/functions/sendVerificationEmail","verb":"update","cancelRequested":false,"apiVersion":"v2","requestResource":{"@type":"type.googleapis.com/google.cloud.functions.v2.Function","name":"projects/catimini-256a1/locations/us-central1/functions/sendVerificationEmail","buildConfig":{"runtime":"nodejs18","entryPoint":"sendVerificationEmail","source":{"storageSource":{"bucket":"gcf-v2-sources-426239063773-us-central1","object":"sendVerificationEmail/function-source.zip","generation":"1752841909313634"}},"environmentVariables":{"GOOGLE_NODE_RUN_SCRIPTS":""},"dockerRepository":"projects/catimini-256a1/locations/us-central1/repositories/gcf-artifacts","sourceProvenance":{"resolvedStorageSource":{"bucket":"gcf-v2-sources-426239063773-us-central1","object":"sendVerificationEmail/function-source.zip","generation":"1752841726152374"}},"dockerRegistry":"ARTIFACT_REGISTRY","serviceAccount":"projects/catimini-256a1/serviceAccounts/426239063773-compute@developer.gserviceaccount.com","automaticUpdatePolicy":{}},"serviceConfig":{"service":"projects/catimini-256a1/locations/us-central1/services/sendverificationemail","timeoutSeconds":60,"environmentVariables":{"FIREBASE_CONFIG":"{\"projectId\":\"catimini-256a1\",\"storageBucket\":\"catimini-256a1.firebasestorage.app\"}","GCLOUD_PROJECT":"catimini-256a1","EVENTARC_CLOUD_EVENT_SOURCE":"projects/catimini-256a1/locations/us-central1/services/sendVerificationEmail","FUNCTION_TARGET":"sendVerificationEmail","LOG_EXECUTION_ID":"true","FUNCTION_SIGNATURE_TYPE":"http"},"ingressSettings":"ALLOW_ALL","uri":"https://sendverificationemail-wsz5rlhmla-uc.a.run.app","serviceAccountEmail":"426239063773-compute@developer.gserviceaccount.com","availableMemory":"256Mi","allTrafficOnLatestRevision":true,"secretEnvironmentVariables":[{"key":"RESEND_API_KEY","projectId":"catimini-256a1","secret":"RESEND_API_KEY","version":"2"}],"revision":"sendverificationemail-00005-lux","maxInstanceRequestConcurrency":80,"availableCpu":"1"},"state":"ACTIVE","labels":{"deployment-tool":"cli-firebase","deployment-callable":"true","firebase-functions-hash":"aa70b220bc7bb18366e25da14286b43c9153cc14"},"environment":"GEN_2","url":"https://us-central1-catimini-256a1.cloudfunctions.net/sendVerificationEmail","satisfiesPzi":true},"stages":[{"name":"BUILD","state":"NOT_STARTED","stateMessages":[{"severity":"WARNING","type":"BuildAnalysisWarning","message":"Node.js 18 is no longer supported by the Node.js community as of 30 April, 2025. Runtime nodejs18 is currently deprecated for Cloud Functions. We recommend you to upgrade to the latest version of Node.js as soon as possible."}]},{"name":"SERVICE","state":"NOT_STARTED"}],"operationType":"UPDATE_FUNCTION"},"done":false}
[debug] [2025-07-18T12:31:50.598Z] [update-default-us-central1-sendVerificationEmail] Retrying task index 0
[debug] [2025-07-18T12:31:50.598Z] Checked if tokens are valid: true, expires at: 1752843449685
[debug] [2025-07-18T12:31:50.598Z] Checked if tokens are valid: true, expires at: 1752843449685
[debug] [2025-07-18T12:31:50.598Z] >>> [apiv2][query] GET https://cloudfunctions.googleapis.com/v2/projects/catimini-256a1/locations/us-central1/operations/operation-1752841908550-63a334f4e7a28-d981f65d-dd943ef0 [none]
[debug] [2025-07-18T12:31:51.433Z] <<< [apiv2][status] GET https://cloudfunctions.googleapis.com/v2/projects/catimini-256a1/locations/us-central1/operations/operation-1752841908550-63a334f4e7a28-d981f65d-dd943ef0 200
[debug] [2025-07-18T12:31:51.433Z] <<< [apiv2][body] GET https://cloudfunctions.googleapis.com/v2/projects/catimini-256a1/locations/us-central1/operations/operation-1752841908550-63a334f4e7a28-d981f65d-dd943ef0 {"name":"projects/catimini-256a1/locations/us-central1/operations/operation-1752841908550-63a334f4e7a28-d981f65d-dd943ef0","metadata":{"@type":"type.googleapis.com/google.cloud.functions.v2.OperationMetadata","createTime":"2025-07-18T12:31:49.379545800Z","target":"projects/catimini-256a1/locations/us-central1/functions/sendVerificationEmail","verb":"update","cancelRequested":false,"apiVersion":"v2","requestResource":{"@type":"type.googleapis.com/google.cloud.functions.v2.Function","name":"projects/catimini-256a1/locations/us-central1/functions/sendVerificationEmail","buildConfig":{"runtime":"nodejs18","entryPoint":"sendVerificationEmail","source":{"storageSource":{"bucket":"gcf-v2-sources-426239063773-us-central1","object":"sendVerificationEmail/function-source.zip","generation":"1752841909313634"}},"environmentVariables":{"GOOGLE_NODE_RUN_SCRIPTS":""},"dockerRepository":"projects/catimini-256a1/locations/us-central1/repositories/gcf-artifacts","sourceProvenance":{"resolvedStorageSource":{"bucket":"gcf-v2-sources-426239063773-us-central1","object":"sendVerificationEmail/function-source.zip","generation":"1752841726152374"}},"dockerRegistry":"ARTIFACT_REGISTRY","serviceAccount":"projects/catimini-256a1/serviceAccounts/426239063773-compute@developer.gserviceaccount.com","automaticUpdatePolicy":{}},"serviceConfig":{"service":"projects/catimini-256a1/locations/us-central1/services/sendverificationemail","timeoutSeconds":60,"environmentVariables":{"FIREBASE_CONFIG":"{\"projectId\":\"catimini-256a1\",\"storageBucket\":\"catimini-256a1.firebasestorage.app\"}","GCLOUD_PROJECT":"catimini-256a1","EVENTARC_CLOUD_EVENT_SOURCE":"projects/catimini-256a1/locations/us-central1/services/sendVerificationEmail","FUNCTION_TARGET":"sendVerificationEmail","LOG_EXECUTION_ID":"true","FUNCTION_SIGNATURE_TYPE":"http"},"ingressSettings":"ALLOW_ALL","uri":"https://sendverificationemail-wsz5rlhmla-uc.a.run.app","serviceAccountEmail":"426239063773-compute@developer.gserviceaccount.com","availableMemory":"256Mi","allTrafficOnLatestRevision":true,"secretEnvironmentVariables":[{"key":"RESEND_API_KEY","projectId":"catimini-256a1","secret":"RESEND_API_KEY","version":"2"}],"revision":"sendverificationemail-00005-lux","maxInstanceRequestConcurrency":80,"availableCpu":"1"},"state":"ACTIVE","labels":{"deployment-tool":"cli-firebase","deployment-callable":"true","firebase-functions-hash":"aa70b220bc7bb18366e25da14286b43c9153cc14"},"environment":"GEN_2","url":"https://us-central1-catimini-256a1.cloudfunctions.net/sendVerificationEmail","satisfiesPzi":true},"stages":[{"name":"BUILD","message":"Build in progress","state":"IN_PROGRESS","resource":"projects/426239063773/locations/us-central1/builds/77529e79-5b6f-4d8e-b2ab-5c49ab188104","resourceUri":"https://console.cloud.google.com/cloud-build/builds;region=us-central1/77529e79-5b6f-4d8e-b2ab-5c49ab188104?project=426239063773"},{"name":"SERVICE","state":"NOT_STARTED"}],"operationType":"UPDATE_FUNCTION","buildName":"projects/426239063773/locations/us-central1/builds/77529e79-5b6f-4d8e-b2ab-5c49ab188104"},"done":false}
[debug] [2025-07-18T12:31:52.435Z] [update-default-us-central1-sendVerificationEmail] Retrying task index 0
[debug] [2025-07-18T12:31:52.435Z] Checked if tokens are valid: true, expires at: 1752843449685
[debug] [2025-07-18T12:31:52.435Z] Checked if tokens are valid: true, expires at: 1752843449685
[debug] [2025-07-18T12:31:52.435Z] >>> [apiv2][query] GET https://cloudfunctions.googleapis.com/v2/projects/catimini-256a1/locations/us-central1/operations/operation-1752841908550-63a334f4e7a28-d981f65d-dd943ef0 [none]
[debug] [2025-07-18T12:31:53.277Z] <<< [apiv2][status] GET https://cloudfunctions.googleapis.com/v2/projects/catimini-256a1/locations/us-central1/operations/operation-1752841908550-63a334f4e7a28-d981f65d-dd943ef0 200
[debug] [2025-07-18T12:31:53.277Z] <<< [apiv2][body] GET https://cloudfunctions.googleapis.com/v2/projects/catimini-256a1/locations/us-central1/operations/operation-1752841908550-63a334f4e7a28-d981f65d-dd943ef0 {"name":"projects/catimini-256a1/locations/us-central1/operations/operation-1752841908550-63a334f4e7a28-d981f65d-dd943ef0","metadata":{"@type":"type.googleapis.com/google.cloud.functions.v2.OperationMetadata","createTime":"2025-07-18T12:31:49.379545800Z","target":"projects/catimini-256a1/locations/us-central1/functions/sendVerificationEmail","verb":"update","cancelRequested":false,"apiVersion":"v2","requestResource":{"@type":"type.googleapis.com/google.cloud.functions.v2.Function","name":"projects/catimini-256a1/locations/us-central1/functions/sendVerificationEmail","buildConfig":{"runtime":"nodejs18","entryPoint":"sendVerificationEmail","source":{"storageSource":{"bucket":"gcf-v2-sources-426239063773-us-central1","object":"sendVerificationEmail/function-source.zip","generation":"1752841909313634"}},"environmentVariables":{"GOOGLE_NODE_RUN_SCRIPTS":""},"dockerRepository":"projects/catimini-256a1/locations/us-central1/repositories/gcf-artifacts","sourceProvenance":{"resolvedStorageSource":{"bucket":"gcf-v2-sources-426239063773-us-central1","object":"sendVerificationEmail/function-source.zip","generation":"1752841726152374"}},"dockerRegistry":"ARTIFACT_REGISTRY","serviceAccount":"projects/catimini-256a1/serviceAccounts/426239063773-compute@developer.gserviceaccount.com","automaticUpdatePolicy":{}},"serviceConfig":{"service":"projects/catimini-256a1/locations/us-central1/services/sendverificationemail","timeoutSeconds":60,"environmentVariables":{"FIREBASE_CONFIG":"{\"projectId\":\"catimini-256a1\",\"storageBucket\":\"catimini-256a1.firebasestorage.app\"}","GCLOUD_PROJECT":"catimini-256a1","EVENTARC_CLOUD_EVENT_SOURCE":"projects/catimini-256a1/locations/us-central1/services/sendVerificationEmail","FUNCTION_TARGET":"sendVerificationEmail","LOG_EXECUTION_ID":"true","FUNCTION_SIGNATURE_TYPE":"http"},"ingressSettings":"ALLOW_ALL","uri":"https://sendverificationemail-wsz5rlhmla-uc.a.run.app","serviceAccountEmail":"426239063773-compute@developer.gserviceaccount.com","availableMemory":"256Mi","allTrafficOnLatestRevision":true,"secretEnvironmentVariables":[{"key":"RESEND_API_KEY","projectId":"catimini-256a1","secret":"RESEND_API_KEY","version":"2"}],"revision":"sendverificationemail-00005-lux","maxInstanceRequestConcurrency":80,"availableCpu":"1"},"state":"ACTIVE","labels":{"deployment-tool":"cli-firebase","deployment-callable":"true","firebase-functions-hash":"aa70b220bc7bb18366e25da14286b43c9153cc14"},"environment":"GEN_2","url":"https://us-central1-catimini-256a1.cloudfunctions.net/sendVerificationEmail","satisfiesPzi":true},"stages":[{"name":"BUILD","message":"Build in progress","state":"IN_PROGRESS","resource":"projects/426239063773/locations/us-central1/builds/77529e79-5b6f-4d8e-b2ab-5c49ab188104","resourceUri":"https://console.cloud.google.com/cloud-build/builds;region=us-central1/77529e79-5b6f-4d8e-b2ab-5c49ab188104?project=426239063773"},{"name":"SERVICE","state":"NOT_STARTED"}],"operationType":"UPDATE_FUNCTION","buildName":"projects/426239063773/locations/us-central1/builds/77529e79-5b6f-4d8e-b2ab-5c49ab188104"},"done":false}
[debug] [2025-07-18T12:31:55.280Z] [update-default-us-central1-sendVerificationEmail] Retrying task index 0
[debug] [2025-07-18T12:31:55.281Z] Checked if tokens are valid: true, expires at: 1752843449685
[debug] [2025-07-18T12:31:55.281Z] Checked if tokens are valid: true, expires at: 1752843449685
[debug] [2025-07-18T12:31:55.281Z] >>> [apiv2][query] GET https://cloudfunctions.googleapis.com/v2/projects/catimini-256a1/locations/us-central1/operations/operation-1752841908550-63a334f4e7a28-d981f65d-dd943ef0 [none]
[debug] [2025-07-18T12:31:55.968Z] <<< [apiv2][status] GET https://cloudfunctions.googleapis.com/v2/projects/catimini-256a1/locations/us-central1/operations/operation-1752841908550-63a334f4e7a28-d981f65d-dd943ef0 200
[debug] [2025-07-18T12:31:55.968Z] <<< [apiv2][body] GET https://cloudfunctions.googleapis.com/v2/projects/catimini-256a1/locations/us-central1/operations/operation-1752841908550-63a334f4e7a28-d981f65d-dd943ef0 {"name":"projects/catimini-256a1/locations/us-central1/operations/operation-1752841908550-63a334f4e7a28-d981f65d-dd943ef0","metadata":{"@type":"type.googleapis.com/google.cloud.functions.v2.OperationMetadata","createTime":"2025-07-18T12:31:49.379545800Z","target":"projects/catimini-256a1/locations/us-central1/functions/sendVerificationEmail","verb":"update","cancelRequested":false,"apiVersion":"v2","requestResource":{"@type":"type.googleapis.com/google.cloud.functions.v2.Function","name":"projects/catimini-256a1/locations/us-central1/functions/sendVerificationEmail","buildConfig":{"runtime":"nodejs18","entryPoint":"sendVerificationEmail","source":{"storageSource":{"bucket":"gcf-v2-sources-426239063773-us-central1","object":"sendVerificationEmail/function-source.zip","generation":"1752841909313634"}},"environmentVariables":{"GOOGLE_NODE_RUN_SCRIPTS":""},"dockerRepository":"projects/catimini-256a1/locations/us-central1/repositories/gcf-artifacts","sourceProvenance":{"resolvedStorageSource":{"bucket":"gcf-v2-sources-426239063773-us-central1","object":"sendVerificationEmail/function-source.zip","generation":"1752841726152374"}},"dockerRegistry":"ARTIFACT_REGISTRY","serviceAccount":"projects/catimini-256a1/serviceAccounts/426239063773-compute@developer.gserviceaccount.com","automaticUpdatePolicy":{}},"serviceConfig":{"service":"projects/catimini-256a1/locations/us-central1/services/sendverificationemail","timeoutSeconds":60,"environmentVariables":{"FIREBASE_CONFIG":"{\"projectId\":\"catimini-256a1\",\"storageBucket\":\"catimini-256a1.firebasestorage.app\"}","GCLOUD_PROJECT":"catimini-256a1","EVENTARC_CLOUD_EVENT_SOURCE":"projects/catimini-256a1/locations/us-central1/services/sendVerificationEmail","FUNCTION_TARGET":"sendVerificationEmail","LOG_EXECUTION_ID":"true","FUNCTION_SIGNATURE_TYPE":"http"},"ingressSettings":"ALLOW_ALL","uri":"https://sendverificationemail-wsz5rlhmla-uc.a.run.app","serviceAccountEmail":"426239063773-compute@developer.gserviceaccount.com","availableMemory":"256Mi","allTrafficOnLatestRevision":true,"secretEnvironmentVariables":[{"key":"RESEND_API_KEY","projectId":"catimini-256a1","secret":"RESEND_API_KEY","version":"2"}],"revision":"sendverificationemail-00005-lux","maxInstanceRequestConcurrency":80,"availableCpu":"1"},"state":"ACTIVE","labels":{"deployment-tool":"cli-firebase","deployment-callable":"true","firebase-functions-hash":"aa70b220bc7bb18366e25da14286b43c9153cc14"},"environment":"GEN_2","url":"https://us-central1-catimini-256a1.cloudfunctions.net/sendVerificationEmail","satisfiesPzi":true},"stages":[{"name":"BUILD","message":"Build in progress","state":"IN_PROGRESS","resource":"projects/426239063773/locations/us-central1/builds/77529e79-5b6f-4d8e-b2ab-5c49ab188104","resourceUri":"https://console.cloud.google.com/cloud-build/builds;region=us-central1/77529e79-5b6f-4d8e-b2ab-5c49ab188104?project=426239063773"},{"name":"SERVICE","state":"NOT_STARTED"}],"operationType":"UPDATE_FUNCTION","buildName":"projects/426239063773/locations/us-central1/builds/77529e79-5b6f-4d8e-b2ab-5c49ab188104"},"done":false}
[debug] [2025-07-18T12:31:59.973Z] [update-default-us-central1-sendVerificationEmail] Retrying task index 0
[debug] [2025-07-18T12:31:59.974Z] Checked if tokens are valid: true, expires at: 1752843449685
[debug] [2025-07-18T12:31:59.974Z] Checked if tokens are valid: true, expires at: 1752843449685
[debug] [2025-07-18T12:31:59.974Z] >>> [apiv2][query] GET https://cloudfunctions.googleapis.com/v2/projects/catimini-256a1/locations/us-central1/operations/operation-1752841908550-63a334f4e7a28-d981f65d-dd943ef0 [none]
[debug] [2025-07-18T12:32:00.140Z] <<< [apiv2][status] GET https://cloudfunctions.googleapis.com/v2/projects/catimini-256a1/locations/us-central1/operations/operation-1752841908550-63a334f4e7a28-d981f65d-dd943ef0 200
[debug] [2025-07-18T12:32:00.141Z] <<< [apiv2][body] GET https://cloudfunctions.googleapis.com/v2/projects/catimini-256a1/locations/us-central1/operations/operation-1752841908550-63a334f4e7a28-d981f65d-dd943ef0 {"name":"projects/catimini-256a1/locations/us-central1/operations/operation-1752841908550-63a334f4e7a28-d981f65d-dd943ef0","metadata":{"@type":"type.googleapis.com/google.cloud.functions.v2.OperationMetadata","createTime":"2025-07-18T12:31:49.379545800Z","target":"projects/catimini-256a1/locations/us-central1/functions/sendVerificationEmail","verb":"update","cancelRequested":false,"apiVersion":"v2","requestResource":{"@type":"type.googleapis.com/google.cloud.functions.v2.Function","name":"projects/catimini-256a1/locations/us-central1/functions/sendVerificationEmail","buildConfig":{"runtime":"nodejs18","entryPoint":"sendVerificationEmail","source":{"storageSource":{"bucket":"gcf-v2-sources-426239063773-us-central1","object":"sendVerificationEmail/function-source.zip","generation":"1752841909313634"}},"environmentVariables":{"GOOGLE_NODE_RUN_SCRIPTS":""},"dockerRepository":"projects/catimini-256a1/locations/us-central1/repositories/gcf-artifacts","sourceProvenance":{"resolvedStorageSource":{"bucket":"gcf-v2-sources-426239063773-us-central1","object":"sendVerificationEmail/function-source.zip","generation":"1752841726152374"}},"dockerRegistry":"ARTIFACT_REGISTRY","serviceAccount":"projects/catimini-256a1/serviceAccounts/426239063773-compute@developer.gserviceaccount.com","automaticUpdatePolicy":{}},"serviceConfig":{"service":"projects/catimini-256a1/locations/us-central1/services/sendverificationemail","timeoutSeconds":60,"environmentVariables":{"FIREBASE_CONFIG":"{\"projectId\":\"catimini-256a1\",\"storageBucket\":\"catimini-256a1.firebasestorage.app\"}","GCLOUD_PROJECT":"catimini-256a1","EVENTARC_CLOUD_EVENT_SOURCE":"projects/catimini-256a1/locations/us-central1/services/sendVerificationEmail","FUNCTION_TARGET":"sendVerificationEmail","LOG_EXECUTION_ID":"true","FUNCTION_SIGNATURE_TYPE":"http"},"ingressSettings":"ALLOW_ALL","uri":"https://sendverificationemail-wsz5rlhmla-uc.a.run.app","serviceAccountEmail":"426239063773-compute@developer.gserviceaccount.com","availableMemory":"256Mi","allTrafficOnLatestRevision":true,"secretEnvironmentVariables":[{"key":"RESEND_API_KEY","projectId":"catimini-256a1","secret":"RESEND_API_KEY","version":"2"}],"revision":"sendverificationemail-00005-lux","maxInstanceRequestConcurrency":80,"availableCpu":"1"},"state":"ACTIVE","labels":{"deployment-tool":"cli-firebase","deployment-callable":"true","firebase-functions-hash":"aa70b220bc7bb18366e25da14286b43c9153cc14"},"environment":"GEN_2","url":"https://us-central1-catimini-256a1.cloudfunctions.net/sendVerificationEmail","satisfiesPzi":true},"stages":[{"name":"BUILD","message":"Build in progress","state":"IN_PROGRESS","resource":"projects/426239063773/locations/us-central1/builds/77529e79-5b6f-4d8e-b2ab-5c49ab188104","resourceUri":"https://console.cloud.google.com/cloud-build/builds;region=us-central1/77529e79-5b6f-4d8e-b2ab-5c49ab188104?project=426239063773"},{"name":"SERVICE","state":"NOT_STARTED"}],"operationType":"UPDATE_FUNCTION","buildName":"projects/426239063773/locations/us-central1/builds/77529e79-5b6f-4d8e-b2ab-5c49ab188104"},"done":false}
[debug] [2025-07-18T12:32:08.148Z] [update-default-us-central1-sendVerificationEmail] Retrying task index 0
[debug] [2025-07-18T12:32:08.150Z] Checked if tokens are valid: true, expires at: 1752843449685
[debug] [2025-07-18T12:32:08.150Z] Checked if tokens are valid: true, expires at: 1752843449685
[debug] [2025-07-18T12:32:08.151Z] >>> [apiv2][query] GET https://cloudfunctions.googleapis.com/v2/projects/catimini-256a1/locations/us-central1/operations/operation-1752841908550-63a334f4e7a28-d981f65d-dd943ef0 [none]
[debug] [2025-07-18T12:32:08.852Z] <<< [apiv2][status] GET https://cloudfunctions.googleapis.com/v2/projects/catimini-256a1/locations/us-central1/operations/operation-1752841908550-63a334f4e7a28-d981f65d-dd943ef0 200
[debug] [2025-07-18T12:32:08.852Z] <<< [apiv2][body] GET https://cloudfunctions.googleapis.com/v2/projects/catimini-256a1/locations/us-central1/operations/operation-1752841908550-63a334f4e7a28-d981f65d-dd943ef0 {"name":"projects/catimini-256a1/locations/us-central1/operations/operation-1752841908550-63a334f4e7a28-d981f65d-dd943ef0","metadata":{"@type":"type.googleapis.com/google.cloud.functions.v2.OperationMetadata","createTime":"2025-07-18T12:31:49.379545800Z","target":"projects/catimini-256a1/locations/us-central1/functions/sendVerificationEmail","verb":"update","cancelRequested":false,"apiVersion":"v2","requestResource":{"@type":"type.googleapis.com/google.cloud.functions.v2.Function","name":"projects/catimini-256a1/locations/us-central1/functions/sendVerificationEmail","buildConfig":{"runtime":"nodejs18","entryPoint":"sendVerificationEmail","source":{"storageSource":{"bucket":"gcf-v2-sources-426239063773-us-central1","object":"sendVerificationEmail/function-source.zip","generation":"1752841909313634"}},"environmentVariables":{"GOOGLE_NODE_RUN_SCRIPTS":""},"dockerRepository":"projects/catimini-256a1/locations/us-central1/repositories/gcf-artifacts","sourceProvenance":{"resolvedStorageSource":{"bucket":"gcf-v2-sources-426239063773-us-central1","object":"sendVerificationEmail/function-source.zip","generation":"1752841726152374"}},"dockerRegistry":"ARTIFACT_REGISTRY","serviceAccount":"projects/catimini-256a1/serviceAccounts/426239063773-compute@developer.gserviceaccount.com","automaticUpdatePolicy":{}},"serviceConfig":{"service":"projects/catimini-256a1/locations/us-central1/services/sendverificationemail","timeoutSeconds":60,"environmentVariables":{"FIREBASE_CONFIG":"{\"projectId\":\"catimini-256a1\",\"storageBucket\":\"catimini-256a1.firebasestorage.app\"}","GCLOUD_PROJECT":"catimini-256a1","EVENTARC_CLOUD_EVENT_SOURCE":"projects/catimini-256a1/locations/us-central1/services/sendVerificationEmail","FUNCTION_TARGET":"sendVerificationEmail","LOG_EXECUTION_ID":"true","FUNCTION_SIGNATURE_TYPE":"http"},"ingressSettings":"ALLOW_ALL","uri":"https://sendverificationemail-wsz5rlhmla-uc.a.run.app","serviceAccountEmail":"426239063773-compute@developer.gserviceaccount.com","availableMemory":"256Mi","allTrafficOnLatestRevision":true,"secretEnvironmentVariables":[{"key":"RESEND_API_KEY","projectId":"catimini-256a1","secret":"RESEND_API_KEY","version":"2"}],"revision":"sendverificationemail-00005-lux","maxInstanceRequestConcurrency":80,"availableCpu":"1"},"state":"ACTIVE","labels":{"deployment-tool":"cli-firebase","deployment-callable":"true","firebase-functions-hash":"aa70b220bc7bb18366e25da14286b43c9153cc14"},"environment":"GEN_2","url":"https://us-central1-catimini-256a1.cloudfunctions.net/sendVerificationEmail","satisfiesPzi":true},"stages":[{"name":"BUILD","message":"Build in progress","state":"IN_PROGRESS","resource":"projects/426239063773/locations/us-central1/builds/77529e79-5b6f-4d8e-b2ab-5c49ab188104","resourceUri":"https://console.cloud.google.com/cloud-build/builds;region=us-central1/77529e79-5b6f-4d8e-b2ab-5c49ab188104?project=426239063773"},{"name":"SERVICE","state":"NOT_STARTED"}],"operationType":"UPDATE_FUNCTION","buildName":"projects/426239063773/locations/us-central1/builds/77529e79-5b6f-4d8e-b2ab-5c49ab188104"},"done":false}
